#
# A fatal error has been detected by the Java Runtime Environment:
#
#  SIGSEGV (0xb) at pc=0x66bb021d, pid=13797, tid=3059342144
#
# JRE version: OpenJDK Runtime Environment (7.0_65-b32) (build 1.7.0_65-b32)
# Java VM: OpenJDK Server VM (24.65-b04 mixed mode linux-x86 )
# Derivative: IcedTea 2.5.3
# Distribution: Ubuntu 14.04 LTS, package 7u71-2.5.3-0ubuntu0.14.04.1
# Problematic frame:
# C  [libjniortools.so+0x38921d]  operations_research::Solver::MakeSum(std::vector<operations_research::IntVar*, std::allocator<operations_research::IntVar*> > const&)+0xfd
#
# Failed to write core dump. Core dumps have been disabled. To enable core dumping, try "ulimit -c unlimited" before starting Java again
#
# If you would like to submit a bug report, please include
# instructions on how to reproduce the bug and visit:
#   http://icedtea.classpath.org/bugzilla
# The crash happened outside the Java Virtual Machine in native code.
# See problematic frame for where to report the bug.
#

---------------  T H R E A D  ---------------

Current thread (0xb6407c00):  JavaThread "main" [_thread_in_native, id=13802, stack(0xb654d000,0xb659e000)]

siginfo:si_signo=SIGSEGV: si_errno=0, si_code=1 (SEGV_MAPERR), si_addr=0x00000000

Registers:
EAX=0x00000000, EBX=0x673ef000, ECX=0x00000000, EDX=0x66786a48
ESP=0xb659cd70, EBP=0xb659ce38, ESI=0x00000000, EDI=0x00000000
EIP=0x66bb021d, EFLAGS=0x00010286, CR2=0x00000000

Top of Stack: (sp=0xb659cd70)
0xb659cd70:   674ab010 b659cec4 00000002 674263b0
0xb659cd80:   00000000 00000001 b6408424 00000000
0xb659cd90:   00000000 b659cdb8 b659cdb0 00000004
0xb659cda0:   00000000 00000000 00000000 00000000
0xb659cdb0:   ffffffff b7793000 674263b0 00000005
0xb659cdc0:   b659ce20 b7780181 67426568 00000000
0xb659cdd0:   00000001 00000005 00000000 b7128000
0xb659cde0:   b6ba8079 b7128000 b659ce04 673f4188 

Instructions: (pc=0x66bb021d)
0x66bb01fd:   ff 8b b5 68 ff ff ff 89 f8 05 00 00 00 80 09 f0
0x66bb020d:   74 54 8b 45 0c 89 8d 58 ff ff ff 8b 00 8b 04 88
0x66bb021d:   8b 10 89 04 24 ff 52 14 89 bd 6c ff ff ff 8b 8d
0x66bb022d:   6c ff ff ff c7 85 68 ff ff ff ff ff ff ff c7 85 

Register to memory mapping:

EAX=0x00000000 is an unknown value
EBX=0x673ef000: <offset 0xbc8000> in /home/bilginh/Bureau/projet_sem/workspace/HUG/libjniortools.so at 0x66827000
ECX=0x00000000 is an unknown value
EDX=0x66786a48 is an unknown value
ESP=0xb659cd70 is pointing into the stack for thread: 0xb6407c00
EBP=0xb659ce38 is pointing into the stack for thread: 0xb6407c00
ESI=0x00000000 is an unknown value
EDI=0x00000000 is an unknown value


Stack: [0xb654d000,0xb659e000],  sp=0xb659cd70,  free space=319k
Native frames: (J=compiled Java code, j=interpreted, Vv=VM code, C=native code)
C  [libjniortools.so+0x38921d]  operations_research::Solver::MakeSum(std::vector<operations_research::IntVar*, std::allocator<operations_research::IntVar*> > const&)+0xfd

Java frames: (J=compiled Java code, j=interpreted, Vv=VM code)
j  com.google.ortools.constraintsolver.operations_research_constraint_solverJNI.Solver_makeSumLessOrEqual(JLcom/google/ortools/constraintsolver/Solver;[Lcom/google/ortools/constraintsolver/IntVar;J)J+0
j  com.google.ortools.constraintsolver.Solver.makeSumLessOrEqual([Lcom/google/ortools/constraintsolver/IntVar;J)Lcom/google/ortools/constraintsolver/Constraint;+7
j  solve.NurseSolver.solve(II)V+777
j  test.Test.main([Ljava/lang/String;)V+60
v  ~StubRoutines::call_stub

---------------  P R O C E S S  ---------------

Java Threads: ( => current thread )
  0x67c9cc00 JavaThread "Service Thread" daemon [_thread_blocked, id=13813, stack(0x675ad000,0x675fe000)]
  0x67c9ac00 JavaThread "C2 CompilerThread1" daemon [_thread_blocked, id=13812, stack(0x675fe000,0x6767f000)]
  0x67c98c00 JavaThread "C2 CompilerThread0" daemon [_thread_blocked, id=13811, stack(0x6767f000,0x67700000)]
  0x67c97400 JavaThread "Signal Dispatcher" daemon [_thread_blocked, id=13810, stack(0x67b0d000,0x67b5e000)]
  0x67c84800 JavaThread "Finalizer" daemon [_thread_blocked, id=13809, stack(0x67b5e000,0x67baf000)]
  0x67c83000 JavaThread "Reference Handler" daemon [_thread_blocked, id=13808, stack(0x67baf000,0x67c00000)]
=>0xb6407c00 JavaThread "main" [_thread_in_native, id=13802, stack(0xb654d000,0xb659e000)]

Other Threads:
  0x67c80400 VMThread [stack: 0x67d4e000,0x67dcf000] [id=13807]
  0x67c9ec00 WatcherThread [stack: 0x6752c000,0x675ad000] [id=13814]

VM state:not at safepoint (normal execution)

VM Mutex/Monitor currently owned by a thread: None

Heap
 PSYoungGen      total 19456K, used 2159K [0x9dd80000, 0x9f300000, 0xb3300000)
  eden space 16896K, 12% used [0x9dd80000,0x9df9be90,0x9ee00000)
  from space 2560K, 0% used [0x9f080000,0x9f080000,0x9f300000)
  to   space 2560K, 0% used [0x9ee00000,0x9ee00000,0x9f080000)
 ParOldGen       total 43520K, used 0K [0x73300000, 0x75d80000, 0x9dd80000)
  object space 43520K, 0% used [0x73300000,0x73300000,0x75d80000)
 PSPermGen       total 16384K, used 2549K [0x6b300000, 0x6c300000, 0x73300000)
  object space 16384K, 15% used [0x6b300000,0x6b57d448,0x6c300000)

Card table byte_map: [0x6b0bf000,0x6b300000] byte_map_base: 0x6ad65800

Polling page: 0xb774f000

Code Cache  [0xb33cb000, 0xb360b000, 0xb63cb000)
 total_blobs=205 nmethods=3 adapters=156 free_code_cache=48817Kb largest_free_block=49989568

Compilation events (6 events):
Event: 0.118 Thread 0x67c98c00    1             java.lang.String::indexOf (70 bytes)
Event: 0.126 Thread 0x67c9ac00    2 %           org.json.simple.parser.Yylex::zzUnpackCMap @ 35 (56 bytes)
Event: 0.128 Thread 0x67c98c00 nmethod 1 0xb3414e48 code [0xb3414f40, 0xb34150bc]
Event: 0.131 Thread 0x67c98c00    3             sun.nio.cs.UTF_8$Encoder::encode (361 bytes)
Event: 0.132 Thread 0x67c9ac00 nmethod 2% 0xb3414908 code [0xb3414a20, 0xb3414ce4]
Event: 0.143 Thread 0x67c98c00 nmethod 3 0xb3414088 code [0xb34141a0, 0xb341463c]

GC Heap History (0 events):
No events

Deoptimization events (0 events):
No events

Internal exceptions (10 events):
Event: 0.132 Thread 0xb6407c00 Threw 0x9de89750 at /build/buildd/openjdk-7-7u71-2.5.3/build/openjdk/hotspot/src/share/vm/prims/jvm.cpp:1284
Event: 0.134 Thread 0xb6407c00 Threw 0x9de8f070 at /build/buildd/openjdk-7-7u71-2.5.3/build/openjdk/hotspot/src/share/vm/prims/jvm.cpp:1284
Event: 0.135 Thread 0xb6407c00 Threw 0x9de91bb8 at /build/buildd/openjdk-7-7u71-2.5.3/build/openjdk/hotspot/src/share/vm/prims/jvm.cpp:1284
Event: 0.136 Thread 0xb6407c00 Threw 0x9de961c0 at /build/buildd/openjdk-7-7u71-2.5.3/build/openjdk/hotspot/src/share/vm/prims/jvm.cpp:1284
Event: 0.138 Thread 0xb6407c00 Threw 0x9dea0f98 at /build/buildd/openjdk-7-7u71-2.5.3/build/openjdk/hotspot/src/share/vm/prims/jvm.cpp:1284
Event: 0.138 Thread 0xb6407c00 Threw 0x9dea7f38 at /build/buildd/openjdk-7-7u71-2.5.3/build/openjdk/hotspot/src/share/vm/prims/jvm.cpp:1284
Event: 0.139 Thread 0xb6407c00 Threw 0x9deac478 at /build/buildd/openjdk-7-7u71-2.5.3/build/openjdk/hotspot/src/share/vm/prims/jvm.cpp:1284
Event: 0.150 Thread 0xb6407c00 Threw 0x9deb3380 at /build/buildd/openjdk-7-7u71-2.5.3/build/openjdk/hotspot/src/share/vm/prims/jvm.cpp:1284
Event: 0.157 Thread 0xb6407c00 Threw 0x9ded7270 at /build/buildd/openjdk-7-7u71-2.5.3/build/openjdk/hotspot/src/share/vm/prims/jvm.cpp:1284
Event: 0.166 Thread 0xb6407c00 Threw 0x9df644a0 at /build/buildd/openjdk-7-7u71-2.5.3/build/openjdk/hotspot/src/share/vm/prims/jvm.cpp:1284

Events (10 events):
Event: 0.138 loading class 0x67425358
Event: 0.138 loading class 0x67425358 done
Event: 0.139 loading class 0x67417098
Event: 0.139 loading class 0x67417098 done
Event: 0.150 loading class 0x67416ff0
Event: 0.150 loading class 0x67416ff0 done
Event: 0.157 loading class 0x6741ad20
Event: 0.157 loading class 0x6741ad20 done
Event: 0.166 loading class 0x67419b88
Event: 0.166 loading class 0x67419b88 done


Dynamic libraries:
08048000-08049000 r-xp 00000000 08:06 268251     /usr/lib/jvm/java-7-openjdk-i386/jre/bin/java
08049000-0804a000 r--p 00000000 08:06 268251     /usr/lib/jvm/java-7-openjdk-i386/jre/bin/java
0804a000-0804b000 rw-p 00001000 08:06 268251     /usr/lib/jvm/java-7-openjdk-i386/jre/bin/java
08ce2000-08d03000 rw-p 00000000 00:00 0          [heap]
66700000-6678c000 rw-p 00000000 00:00 0 
6678c000-66800000 ---p 00000000 00:00 0 
66827000-673d6000 r-xp 00000000 08:07 1448172    /home/bilginh/Bureau/projet_sem/workspace/HUG/libjniortools.so
673d6000-673ef000 r--p 00bae000 08:07 1448172    /home/bilginh/Bureau/projet_sem/workspace/HUG/libjniortools.so
673ef000-673f8000 rw-p 00bc7000 08:07 1448172    /home/bilginh/Bureau/projet_sem/workspace/HUG/libjniortools.so
673f8000-67400000 rw-p 00000000 00:00 0 
67400000-674fe000 rw-p 00000000 00:00 0 
674fe000-67500000 ---p 00000000 00:00 0 
6752c000-6752d000 ---p 00000000 00:00 0 
6752d000-675ad000 rw-p 00000000 00:00 0          [stack:13814]
675ad000-675b0000 ---p 00000000 00:00 0 
675b0000-675fe000 rw-p 00000000 00:00 0          [stack:13813]
675fe000-67601000 ---p 00000000 00:00 0 
67601000-6767f000 rw-p 00000000 00:00 0          [stack:13812]
6767f000-67682000 ---p 00000000 00:00 0 
67682000-67700000 rw-p 00000000 00:00 0          [stack:13811]
67700000-67900000 r--p 00000000 08:06 139410     /usr/lib/locale/locale-archive
67900000-67921000 rw-p 00000000 00:00 0 
67921000-67a00000 ---p 00000000 00:00 0 
67a00000-67a80000 rw-p 00000000 00:00 0 
67a80000-67b00000 ---p 00000000 00:00 0 
67b0d000-67b10000 ---p 00000000 00:00 0 
67b10000-67b5e000 rw-p 00000000 00:00 0          [stack:13810]
67b5e000-67b61000 ---p 00000000 00:00 0 
67b61000-67baf000 rw-p 00000000 00:00 0          [stack:13809]
67baf000-67bb2000 ---p 00000000 00:00 0 
67bb2000-67c00000 rw-p 00000000 00:00 0          [stack:13808]
67c00000-67cff000 rw-p 00000000 00:00 0 
67cff000-67d00000 ---p 00000000 00:00 0 
67d4e000-67d4f000 ---p 00000000 00:00 0 
67d4f000-67dcf000 rw-p 00000000 00:00 0          [stack:13807]
67dcf000-67f80000 r--s 01d25000 08:06 268169     /usr/lib/jvm/java-7-openjdk-i386/jre/lib/rt.jar
67f80000-6a800000 rw-p 00000000 00:00 0 
6a800000-6a823000 rw-p 00000000 00:00 0 
6a823000-6a900000 ---p 00000000 00:00 0 
6a936000-6a97f000 rw-p 00000000 00:00 0 
6a97f000-6a980000 ---p 00000000 00:00 0 
6a980000-6aa00000 rw-p 00000000 00:00 0          [stack:13806]
6aa00000-6aa21000 rw-p 00000000 00:00 0 
6aa21000-6ab00000 ---p 00000000 00:00 0 
6ab00000-6ab21000 rw-p 00000000 00:00 0 
6ab21000-6ac00000 ---p 00000000 00:00 0 
6ac19000-6ac1f000 r--s 00035000 08:07 654910     /home/bilginh/Bureau/projet_sem/or-tools/com.google.ortools.jar
6ac1f000-6ac24000 r--s 0002f000 08:07 1447297    /home/bilginh/Bureau/projet_sem/workspace/gson-2.3.1.jar
6ac24000-6ac7f000 rw-p 00000000 00:00 0 
6ac7f000-6ac80000 ---p 00000000 00:00 0 
6ac80000-6ad00000 rw-p 00000000 00:00 0          [stack:13805]
6ad00000-6ad21000 rw-p 00000000 00:00 0 
6ad21000-6ae00000 ---p 00000000 00:00 0 
6ae02000-6ae05000 r--s 00018000 08:07 1447113    /home/bilginh/Bureau/projet_sem/workspace/sojo-1.0.0-bin/sojo-with-tests-1.0.0.jar
6ae05000-6ae08000 r--s 00018000 08:07 1447112    /home/bilginh/Bureau/projet_sem/workspace/sojo-1.0.0-bin/sojo-optional-1.0.0.jar
6ae08000-6ae0c000 r--s 00017000 08:07 1447111    /home/bilginh/Bureau/projet_sem/workspace/sojo-1.0.0-bin/sojo-1.0.0.jar
6ae0c000-6ae27000 rw-p 00000000 00:00 0 
6ae27000-6ae28000 ---p 00000000 00:00 0 
6ae28000-6aea8000 rw-p 00000000 00:00 0          [stack:13804]
6aea8000-6aea9000 ---p 00000000 00:00 0 
6aea9000-6af31000 rw-p 00000000 00:00 0          [stack:13803]
6af31000-6af69000 rw-p 00000000 00:00 0 
6af69000-6af7f000 rw-p 00000000 00:00 0 
6af7f000-6b0bf000 rw-p 00000000 00:00 0 
6b0bf000-6b0c7000 rw-p 00000000 00:00 0 
6b0c7000-6b0ff000 rw-p 00000000 00:00 0 
6b0ff000-6b115000 rw-p 00000000 00:00 0 
6b115000-6b254000 rw-p 00000000 00:00 0 
6b254000-6b25f000 rw-p 00000000 00:00 0 
6b25f000-6b2ff000 rw-p 00000000 00:00 0 
6b2ff000-6c300000 rw-p 00000000 00:00 0 
6c300000-73300000 rw-p 00000000 00:00 0 
73300000-75d80000 rw-p 00000000 00:00 0 
75d80000-9dd80000 rw-p 00000000 00:00 0 
9dd80000-9f300000 rw-p 00000000 00:00 0 
9f300000-b3300000 rw-p 00000000 00:00 0 
b3302000-b3306000 r--s 00034000 08:06 268223     /usr/lib/jvm/java-7-openjdk-i386/jre/lib/ext/sunjce_provider.jar
b3306000-b3308000 r--s 00006000 08:06 535264     /usr/share/java/java-atk-wrapper.jar
b3308000-b330b000 r--s 0000f000 08:06 268224     /usr/lib/jvm/java-7-openjdk-i386/jre/lib/ext/icedtea-sound.jar
b330b000-b3314000 rw-p 00000000 00:00 0 
b3314000-b33cb000 rw-p 00000000 00:00 0 
b33cb000-b360b000 rwxp 00000000 00:00 0 
b360b000-b63cb000 rw-p 00000000 00:00 0 
b63cb000-b63d6000 r-xp 00000000 08:06 3140720    /lib/i386-linux-gnu/libnss_files-2.19.so
b63d6000-b63d7000 r--p 0000a000 08:06 3140720    /lib/i386-linux-gnu/libnss_files-2.19.so
b63d7000-b63d8000 rw-p 0000b000 08:06 3140720    /lib/i386-linux-gnu/libnss_files-2.19.so
b63d8000-b63e2000 r-xp 00000000 08:06 3140822    /lib/i386-linux-gnu/libnss_nis-2.19.so
b63e2000-b63e3000 r--p 00009000 08:06 3140822    /lib/i386-linux-gnu/libnss_nis-2.19.so
b63e3000-b63e4000 rw-p 0000a000 08:06 3140822    /lib/i386-linux-gnu/libnss_nis-2.19.so
b63e4000-b63e5000 r--s 00005000 08:07 1447411    /home/bilginh/Bureau/projet_sem/workspace/json-simple-1.1.1.jar
b63e5000-b63e6000 r--s 00002000 08:06 268227     /usr/lib/jvm/java-7-openjdk-i386/jre/lib/ext/dnsns.jar
b63e6000-b63ea000 r--s 0003c000 08:06 268225     /usr/lib/jvm/java-7-openjdk-i386/jre/lib/ext/sunpkcs11.jar
b63ea000-b63ee000 r--s 00085000 08:06 268228     /usr/lib/jvm/java-7-openjdk-i386/jre/lib/ext/localedata.jar
b63ee000-b63f6000 r-xp 00000000 08:06 397808     /usr/lib/jvm/java-7-openjdk-i386/jre/lib/i386/libzip.so
b63f6000-b63f7000 r--p 00007000 08:06 397808     /usr/lib/jvm/java-7-openjdk-i386/jre/lib/i386/libzip.so
b63f7000-b63f8000 rw-p 00008000 08:06 397808     /usr/lib/jvm/java-7-openjdk-i386/jre/lib/i386/libzip.so
b63f8000-b6400000 rw-s 00000000 08:06 549108     /tmp/hsperfdata_bilginh/13797
b6400000-b6500000 rw-p 00000000 00:00 0 
b6500000-b6502000 r--s 00012000 08:06 268226     /usr/lib/jvm/java-7-openjdk-i386/jre/lib/ext/zipfs.jar
b6502000-b6517000 r-xp 00000000 08:06 3140819    /lib/i386-linux-gnu/libnsl-2.19.so
b6517000-b6518000 r--p 00015000 08:06 3140819    /lib/i386-linux-gnu/libnsl-2.19.so
b6518000-b6519000 rw-p 00016000 08:06 3140819    /lib/i386-linux-gnu/libnsl-2.19.so
b6519000-b651b000 rw-p 00000000 00:00 0 
b651b000-b6542000 r-xp 00000000 08:06 397807     /usr/lib/jvm/java-7-openjdk-i386/jre/lib/i386/libjava.so
b6542000-b6543000 r--p 00026000 08:06 397807     /usr/lib/jvm/java-7-openjdk-i386/jre/lib/i386/libjava.so
b6543000-b6544000 rw-p 00027000 08:06 397807     /usr/lib/jvm/java-7-openjdk-i386/jre/lib/i386/libjava.so
b6544000-b654b000 r-xp 00000000 08:06 3140830    /lib/i386-linux-gnu/librt-2.19.so
b654b000-b654c000 r--p 00006000 08:06 3140830    /lib/i386-linux-gnu/librt-2.19.so
b654c000-b654d000 rw-p 00007000 08:06 3140830    /lib/i386-linux-gnu/librt-2.19.so
b654d000-b6550000 ---p 00000000 00:00 0 
b6550000-b659e000 rw-p 00000000 00:00 0          [stack:13802]
b659e000-b65ba000 r-xp 00000000 08:06 3139613    /lib/i386-linux-gnu/libgcc_s.so.1
b65ba000-b65bb000 rw-p 0001b000 08:06 3139613    /lib/i386-linux-gnu/libgcc_s.so.1
b65bb000-b65ff000 r-xp 00000000 08:06 3140816    /lib/i386-linux-gnu/libm-2.19.so
b65ff000-b6600000 r--p 00043000 08:06 3140816    /lib/i386-linux-gnu/libm-2.19.so
b6600000-b6601000 rw-p 00044000 08:06 3140816    /lib/i386-linux-gnu/libm-2.19.so
b6601000-b66dd000 r-xp 00000000 08:06 136946     /usr/lib/i386-linux-gnu/libstdc++.so.6.0.19
b66dd000-b66de000 ---p 000dc000 08:06 136946     /usr/lib/i386-linux-gnu/libstdc++.so.6.0.19
b66de000-b66e2000 r--p 000dc000 08:06 136946     /usr/lib/i386-linux-gnu/libstdc++.so.6.0.19
b66e2000-b66e3000 rw-p 000e0000 08:06 136946     /usr/lib/i386-linux-gnu/libstdc++.so.6.0.19
b66e3000-b66ea000 rw-p 00000000 00:00 0 
b66ea000-b70d5000 r-xp 00000000 08:06 533425     /usr/lib/jvm/java-7-openjdk-i386/jre/lib/i386/server/libjvm.so
b70d5000-b70d6000 ---p 009eb000 08:06 533425     /usr/lib/jvm/java-7-openjdk-i386/jre/lib/i386/server/libjvm.so
b70d6000-b7128000 r--p 009eb000 08:06 533425     /usr/lib/jvm/java-7-openjdk-i386/jre/lib/i386/server/libjvm.so
b7128000-b713c000 rw-p 00a3d000 08:06 533425     /usr/lib/jvm/java-7-openjdk-i386/jre/lib/i386/server/libjvm.so
b713c000-b7559000 rw-p 00000000 00:00 0 
b7559000-b7571000 r-xp 00000000 08:06 3140735    /lib/i386-linux-gnu/libz.so.1.2.8
b7571000-b7572000 r--p 00017000 08:06 3140735    /lib/i386-linux-gnu/libz.so.1.2.8
b7572000-b7573000 rw-p 00018000 08:06 3140735    /lib/i386-linux-gnu/libz.so.1.2.8
b7573000-b7574000 rw-p 00000000 00:00 0 
b7574000-b758c000 r-xp 00000000 08:06 3140829    /lib/i386-linux-gnu/libpthread-2.19.so
b758c000-b758d000 r--p 00017000 08:06 3140829    /lib/i386-linux-gnu/libpthread-2.19.so
b758d000-b758e000 rw-p 00018000 08:06 3140829    /lib/i386-linux-gnu/libpthread-2.19.so
b758e000-b7590000 rw-p 00000000 00:00 0 
b7590000-b7593000 r-xp 00000000 08:06 3140826    /lib/i386-linux-gnu/libdl-2.19.so
b7593000-b7594000 r--p 00002000 08:06 3140826    /lib/i386-linux-gnu/libdl-2.19.so
b7594000-b7595000 rw-p 00003000 08:06 3140826    /lib/i386-linux-gnu/libdl-2.19.so
b7595000-b773e000 r-xp 00000000 08:06 3140712    /lib/i386-linux-gnu/libc-2.19.so
b773e000-b7740000 r--p 001a8000 08:06 3140712    /lib/i386-linux-gnu/libc-2.19.so
b7740000-b7741000 rw-p 001aa000 08:06 3140712    /lib/i386-linux-gnu/libc-2.19.so
b7741000-b7744000 rw-p 00000000 00:00 0 
b7744000-b7745000 r--p 00859000 08:06 139410     /usr/lib/locale/locale-archive
b7745000-b774c000 r-xp 00000000 08:06 3140823    /lib/i386-linux-gnu/libnss_compat-2.19.so
b774c000-b774d000 r--p 00006000 08:06 3140823    /lib/i386-linux-gnu/libnss_compat-2.19.so
b774d000-b774e000 rw-p 00007000 08:06 3140823    /lib/i386-linux-gnu/libnss_compat-2.19.so
b774e000-b774f000 rw-p 00000000 00:00 0 
b774f000-b7750000 r--p 00000000 00:00 0 
b7750000-b775e000 r-xp 00000000 08:06 397831     /usr/lib/jvm/java-7-openjdk-i386/jre/lib/i386/libverify.so
b775e000-b775f000 r--p 0000d000 08:06 397831     /usr/lib/jvm/java-7-openjdk-i386/jre/lib/i386/libverify.so
b775f000-b7760000 rw-p 0000e000 08:06 397831     /usr/lib/jvm/java-7-openjdk-i386/jre/lib/i386/libverify.so
b7760000-b776c000 r-xp 00000000 08:06 533426     /usr/lib/jvm/java-7-openjdk-i386/jre/lib/i386/jli/libjli.so
b776c000-b776d000 r--p 0000c000 08:06 533426     /usr/lib/jvm/java-7-openjdk-i386/jre/lib/i386/jli/libjli.so
b776d000-b776e000 rw-p 0000d000 08:06 533426     /usr/lib/jvm/java-7-openjdk-i386/jre/lib/i386/jli/libjli.so
b776e000-b7771000 rw-p 00000000 00:00 0 
b7771000-b7772000 r-xp 00000000 00:00 0          [vdso]
b7772000-b7792000 r-xp 00000000 08:06 3140702    /lib/i386-linux-gnu/ld-2.19.so
b7792000-b7793000 r--p 0001f000 08:06 3140702    /lib/i386-linux-gnu/ld-2.19.so
b7793000-b7794000 rw-p 00020000 08:06 3140702    /lib/i386-linux-gnu/ld-2.19.so
bfb8a000-bfb8b000 rwxp 00000000 00:00 0 
bfbbd000-bfbde000 rw-p 00000000 00:00 0          [stack]

VM Arguments:
jvm_args: -Dfile.encoding=UTF-8 
java_command: test.Test
Launcher Type: SUN_STANDARD

Environment Variables:
PATH=/usr/local/sbin:/usr/local/bin:/usr/sbin:/usr/bin:/sbin:/bin:/usr/games:/usr/local/games
USERNAME=bilginh
LD_LIBRARY_PATH=/usr/lib/jvm/java-7-openjdk-i386/jre/lib/i386/server:/usr/lib/jvm/java-7-openjdk-i386/jre/lib/i386:/usr/lib/jvm/java-7-openjdk-i386/jre/../lib/i386:/usr/lib/jvm/java-7-openjdk-i386/jre/lib/i386/client:/usr/lib/jvm/java-7-openjdk-i386/jre/lib/i386:
SHELL=/bin/bash
DISPLAY=:0.0

Signal Handlers:
SIGSEGV: [libjvm.so+0x80a5e0], sa_mask[0]=0x7ffbfeff, sa_flags=0x10000004
SIGBUS: [libjvm.so+0x80a5e0], sa_mask[0]=0x7ffbfeff, sa_flags=0x10000004
SIGFPE: [libjvm.so+0x6844f0], sa_mask[0]=0x7ffbfeff, sa_flags=0x10000004
SIGPIPE: [libjvm.so+0x6844f0], sa_mask[0]=0x7ffbfeff, sa_flags=0x10000004
SIGXFSZ: [libjvm.so+0x6844f0], sa_mask[0]=0x7ffbfeff, sa_flags=0x10000004
SIGILL: [libjvm.so+0x6844f0], sa_mask[0]=0x7ffbfeff, sa_flags=0x10000004
SIGUSR1: SIG_DFL, sa_mask[0]=0x00000000, sa_flags=0x00000000
SIGUSR2: [libjvm.so+0x684380], sa_mask[0]=0x00000004, sa_flags=0x10000004
SIGHUP: [libjvm.so+0x6845b0], sa_mask[0]=0x7ffbfeff, sa_flags=0x10000004
SIGINT: [libjvm.so+0x6845b0], sa_mask[0]=0x7ffbfeff, sa_flags=0x10000004
SIGTERM: [libjvm.so+0x6845b0], sa_mask[0]=0x7ffbfeff, sa_flags=0x10000004
SIGQUIT: [libjvm.so+0x6845b0], sa_mask[0]=0x7ffbfeff, sa_flags=0x10000004
SIGTRAP: SIG_DFL, sa_mask[0]=0x00000000, sa_flags=0x00000000


---------------  S Y S T E M  ---------------

OS:Ubuntu 14.04 (trusty)
uname:Linux 3.13.0-43-generic #72-Ubuntu SMP Mon Dec 8 19:35:44 UTC 2014 i686
libc:glibc 2.19 NPTL 2.19 
rlimit: STACK 8192k, CORE 0k, NPROC 64422, NOFILE 4096, AS infinity
load average:0.17 0.22 0.28

/proc/meminfo:
MemTotal:        8265592 kB
MemFree:         4219200 kB
Buffers:          328932 kB
Cached:          1749820 kB
SwapCached:            0 kB
Active:          2722980 kB
Inactive:        1069376 kB
Active(anon):    1714680 kB
Inactive(anon):    14852 kB
Active(file):    1008300 kB
Inactive(file):  1054524 kB
Unevictable:          64 kB
Mlocked:              64 kB
HighTotal:       7457032 kB
HighFree:        4035040 kB
LowTotal:         808560 kB
LowFree:          184160 kB
SwapTotal:       3905532 kB
SwapFree:        3905532 kB
Dirty:               100 kB
Writeback:             0 kB
AnonPages:       1713672 kB
Mapped:           250496 kB
Shmem:             15936 kB
Slab:             148636 kB
SReclaimable:     125808 kB
SUnreclaim:        22828 kB
KernelStack:        3928 kB
PageTables:        10956 kB
NFS_Unstable:          0 kB
Bounce:                0 kB
WritebackTmp:          0 kB
CommitLimit:     8038328 kB
Committed_AS:    4768896 kB
VmallocTotal:     122880 kB
VmallocUsed:       59804 kB
VmallocChunk:      58132 kB
HardwareCorrupted:     0 kB
AnonHugePages:    872448 kB
HugePages_Total:       0
HugePages_Free:        0
HugePages_Rsvd:        0
HugePages_Surp:        0
Hugepagesize:       2048 kB
DirectMap4k:      135160 kB
DirectMap2M:      778240 kB


CPU:total 4 (2 cores per cpu, 2 threads per core) family 6 model 42 stepping 7, cmov, cx8, fxsr, mmx, sse, sse2, sse3, ssse3, sse4.1, sse4.2, popcnt, avx, ht, tsc, tscinvbit

/proc/cpuinfo:
processor	: 0
vendor_id	: GenuineIntel
cpu family	: 6
model		: 42
model name	: Intel(R) Core(TM) i3-2310M CPU @ 2.10GHz
stepping	: 7
microcode	: 0x14
cpu MHz		: 2100.000
cache size	: 3072 KB
physical id	: 0
siblings	: 4
core id		: 0
cpu cores	: 2
apicid		: 0
initial apicid	: 0
fdiv_bug	: no
f00f_bug	: no
coma_bug	: no
fpu		: yes
fpu_exception	: yes
cpuid level	: 13
wp		: yes
flags		: fpu vme de pse tsc msr pae mce cx8 apic sep mtrr pge mca cmov pat pse36 clflush dts acpi mmx fxsr sse sse2 ss ht tm pbe nx rdtscp lm constant_tsc arch_perfmon pebs bts xtopology nonstop_tsc aperfmperf eagerfpu pni pclmulqdq dtes64 monitor ds_cpl vmx est tm2 ssse3 cx16 xtpr pdcm pcid sse4_1 sse4_2 x2apic popcnt tsc_deadline_timer xsave avx lahf_lm arat epb xsaveopt pln pts dtherm tpr_shadow vnmi flexpriority ept vpid
bogomips	: 4190.74
clflush size	: 64
cache_alignment	: 64
address sizes	: 36 bits physical, 48 bits virtual
power management:

processor	: 1
vendor_id	: GenuineIntel
cpu family	: 6
model		: 42
model name	: Intel(R) Core(TM) i3-2310M CPU @ 2.10GHz
stepping	: 7
microcode	: 0x14
cpu MHz		: 2100.000
cache size	: 3072 KB
physical id	: 0
siblings	: 4
core id		: 0
cpu cores	: 2
apicid		: 1
initial apicid	: 1
fdiv_bug	: no
f00f_bug	: no
coma_bug	: no
fpu		: yes
fpu_exception	: yes
cpuid level	: 13
wp		: yes
flags		: fpu vme de pse tsc msr pae mce cx8 apic sep mtrr pge mca cmov pat pse36 clflush dts acpi mmx fxsr sse sse2 ss ht tm pbe nx rdtscp lm constant_tsc arch_perfmon pebs bts xtopology nonstop_tsc aperfmperf eagerfpu pni pclmulqdq dtes64 monitor ds_cpl vmx est tm2 ssse3 cx16 xtpr pdcm pcid sse4_1 sse4_2 x2apic popcnt tsc_deadline_timer xsave avx lahf_lm arat epb xsaveopt pln pts dtherm tpr_shadow vnmi flexpriority ept vpid
bogomips	: 4190.74
clflush size	: 64
cache_alignment	: 64
address sizes	: 36 bits physical, 48 bits virtual
power management:

processor	: 2
vendor_id	: GenuineIntel
cpu family	: 6
model		: 42
model name	: Intel(R) Core(TM) i3-2310M CPU @ 2.10GHz
stepping	: 7
microcode	: 0x14
cpu MHz		: 800.000
cache size	: 3072 KB
physical id	: 0
siblings	: 4
core id		: 1
cpu cores	: 2
apicid		: 2
initial apicid	: 2
fdiv_bug	: no
f00f_bug	: no
coma_bug	: no
fpu		: yes
fpu_exception	: yes
cpuid level	: 13
wp		: yes
flags		: fpu vme de pse tsc msr pae mce cx8 apic sep mtrr pge mca cmov pat pse36 clflush dts acpi mmx fxsr sse sse2 ss ht tm pbe nx rdtscp lm constant_tsc arch_perfmon pebs bts xtopology nonstop_tsc aperfmperf eagerfpu pni pclmulqdq dtes64 monitor ds_cpl vmx est tm2 ssse3 cx16 xtpr pdcm pcid sse4_1 sse4_2 x2apic popcnt tsc_deadline_timer xsave avx lahf_lm arat epb xsaveopt pln pts dtherm tpr_shadow vnmi flexpriority ept vpid
bogomips	: 4190.74
clflush size	: 64
cache_alignment	: 64
address sizes	: 36 bits physical, 48 bits virtual
power management:

processor	: 3
vendor_id	: GenuineIntel
cpu family	: 6
model		: 42
model name	: Intel(R) Core(TM) i3-2310M CPU @ 2.10GHz
stepping	: 7
microcode	: 0x14
cpu MHz		: 1100.000
cache size	: 3072 KB
physical id	: 0
siblings	: 4
core id		: 1
cpu cores	: 2
apicid		: 3
initial apicid	: 3
fdiv_bug	: no
f00f_bug	: no
coma_bug	: no
fpu		: yes
fpu_exception	: yes
cpuid level	: 13
wp		: yes
flags		: fpu vme de pse tsc msr pae mce cx8 apic sep mtrr pge mca cmov pat pse36 clflush dts acpi mmx fxsr sse sse2 ss ht tm pbe nx rdtscp lm constant_tsc arch_perfmon pebs bts xtopology nonstop_tsc aperfmperf eagerfpu pni pclmulqdq dtes64 monitor ds_cpl vmx est tm2 ssse3 cx16 xtpr pdcm pcid sse4_1 sse4_2 x2apic popcnt tsc_deadline_timer xsave avx lahf_lm arat epb xsaveopt pln pts dtherm tpr_shadow vnmi flexpriority ept vpid
bogomips	: 4190.74
clflush size	: 64
cache_alignment	: 64
address sizes	: 36 bits physical, 48 bits virtual
power management:



Memory: 4k page, physical 8265592k(4219200k free), swap 3905532k(3905532k free)

vm_info: OpenJDK Server VM (24.65-b04) for linux-x86 JRE (1.7.0_65-b32), built on Oct 22 2014 04:44:59 by "buildd" with gcc 4.8.2

time: Wed Jan 14 01:01:14 2015
elapsed time: 0 seconds

